[{"line":2,"elements":[{"start_timestamp":"2023-12-05T07:09:44.226Z","before":[{"result":{"duration":1993800,"status":"passed"},"match":{"location":"stepDefination.SharedSteps.openBrowser()"}},{"result":{"status":"passed"},"match":{"location":"stepDefination.SharedSteps.creatingaccount()"}}],"line":6,"name":"Login into Tricentis website","description":"","id":"login--feature;login-into-tricentis-website","after":[{"result":{"duration":1000000,"status":"passed"},"match":{"location":"stepDefination.SharedSteps.search()"}},{"result":{"status":"passed"},"match":{"location":"stepDefination.SharedSteps.CloseBrowser()"}}],"type":"scenario","keyword":"Scenario","steps":[{"result":{"error_message":"org.openqa.selenium.remote.NoSuchDriverException: chromedriver located at C:\\windows\\system32\\config\\systemprofile\\.cache\\selenium\\chromedriver\\win64\\119.0.6045.105\\chromedriver.exe, but invalid\nFor documentation on this error, please visit: https://www.selenium.dev/documentation/webdriver/troubleshooting/errors/driver_location/\nBuild info: version: '4.11.0', revision: '040bc5406b'\nSystem info: os.name: 'Windows 11', os.arch: 'amd64', os.version: '10.0', java.version: '11.0.20'\nDriver info: driver.version: ChromeDriver\r\n\tat org.openqa.selenium.remote.service.DriverFinder.getPath(DriverFinder.java:45)\r\n\tat org.openqa.selenium.remote.service.DriverFinder.getPath(DriverFinder.java:13)\r\n\tat org.openqa.selenium.chrome.ChromeDriver.generateExecutor(ChromeDriver.java:99)\r\n\tat org.openqa.selenium.chrome.ChromeDriver.<init>(ChromeDriver.java:88)\r\n\tat org.openqa.selenium.chrome.ChromeDriver.<init>(ChromeDriver.java:83)\r\n\tat org.openqa.selenium.chrome.ChromeDriver.<init>(ChromeDriver.java:51)\r\n\tat stepDefination.LoginStepDefination.user_enter_the_tricentis_home_page(LoginStepDefination.java:17)\r\n\tat ✽.user enter the  Tricentis home page(file:///C:/Users/Vanak/eclipse-workspace/CucumberTest/src/test/java/features/Login.feature:7)\r\n","duration":632507900,"status":"failed"},"line":7,"name":"user enter the  Tricentis home page","match":{"location":"stepDefination.LoginStepDefination.user_enter_the_tricentis_home_page()"},"keyword":"Given "},{"result":{"status":"skipped"},"line":8,"name":"Then click on login link","match":{"location":"stepDefination.LoginStepDefination.then_click_on_login_link()"},"keyword":"And "},{"result":{"duration":2998900,"status":"skipped"},"line":9,"name":"then user enter the email and password","match":{"location":"stepDefination.LoginStepDefination.then_user_enter_the_email_and_password()"},"keyword":"When "},{"result":{"status":"skipped"},"line":10,"name":"user click on login button","match":{"location":"stepDefination.LoginStepDefination.user_click_on_login_button()"},"keyword":"And "}]}],"name":"Login  feature","description":"  I want to use this template for my feature file","id":"login--feature","keyword":"Feature","uri":"file:src/test/java/features/Login.feature","tags":[]},{"line":2,"elements":[{"start_timestamp":"2023-12-05T07:09:44.987Z","before":[{"result":{"duration":989900,"status":"passed"},"match":{"location":"stepDefination.SharedSteps.openBrowser()"}},{"result":{"status":"passed"},"match":{"location":"stepDefination.SharedSteps.creatingaccount()"}}],"line":5,"name":"Tricientis Search page","description":"","id":"searchpage-feature;tricientis-search-page","after":[{"result":{"status":"passed"},"match":{"location":"stepDefination.SharedSteps.search()"}},{"result":{"status":"passed"},"match":{"location":"stepDefination.SharedSteps.CloseBrowser()"}}],"type":"scenario","keyword":"Scenario","steps":[{"result":{"error_message":"org.openqa.selenium.remote.NoSuchDriverException: chromedriver located at C:\\windows\\system32\\config\\systemprofile\\.cache\\selenium\\chromedriver\\win64\\119.0.6045.105\\chromedriver.exe, but invalid\nFor documentation on this error, please visit: https://www.selenium.dev/documentation/webdriver/troubleshooting/errors/driver_location/\nBuild info: version: '4.11.0', revision: '040bc5406b'\nSystem info: os.name: 'Windows 11', os.arch: 'amd64', os.version: '10.0', java.version: '11.0.20'\nDriver info: driver.version: ChromeDriver\r\n\tat org.openqa.selenium.remote.service.DriverFinder.getPath(DriverFinder.java:45)\r\n\tat org.openqa.selenium.remote.service.DriverFinder.getPath(DriverFinder.java:13)\r\n\tat org.openqa.selenium.chrome.ChromeDriver.generateExecutor(ChromeDriver.java:99)\r\n\tat org.openqa.selenium.chrome.ChromeDriver.<init>(ChromeDriver.java:88)\r\n\tat org.openqa.selenium.chrome.ChromeDriver.<init>(ChromeDriver.java:83)\r\n\tat org.openqa.selenium.chrome.ChromeDriver.<init>(ChromeDriver.java:51)\r\n\tat stepDefination.SearchStepDefination.user_in_homepage(SearchStepDefination.java:17)\r\n\tat ✽.user in Homepage(file:///C:/Users/Vanak/eclipse-workspace/CucumberTest/src/test/java/features/Search.feature:6)\r\n","duration":276007500,"status":"failed"},"line":6,"name":"user in Homepage","match":{"location":"stepDefination.SearchStepDefination.user_in_homepage()"},"keyword":"Given "},{"result":{"status":"skipped"},"line":7,"name":"User search book in search box","match":{"location":"stepDefination.SearchStepDefination.user_search_book_in_search_box()"},"keyword":"And "},{"result":{"status":"skipped"},"line":8,"name":"User click on search button","match":{"location":"stepDefination.SearchStepDefination.user_click_on_search_button()"},"keyword":"When "}]}],"name":"Searchpage feature","description":"","id":"searchpage-feature","keyword":"Feature","uri":"file:src/test/java/features/Search.feature","tags":[]}]